Arguments: 
  /Users/weiya9527/.nvm/versions/node/v12.20.1/bin/node /usr/local/bin/yarn add rsuite

PATH: 
  /usr/local/sbin:/usr/local/bin:/Users/weiya9527/.autojump/bin:/Users/weiya9527/.autojump/bin:/Users/weiya9527/.nvm/versions/node/v12.20.1/bin:/usr/local/sbin:/usr/local/bin:/Users/weiya9527/.autojump/bin:/Users/weiya9527/.autojump/bin:/usr/local/bin:/usr/bin:/bin:/usr/sbin:/sbin:/usr/local/munki

Yarn version: 
  1.22.10

Node version: 
  12.20.1

Platform: 
  darwin x64

Trace: 
  Error: http://artifactory.intra.xiaojukeji.com:80/artifactory/api/npm/npm/rsuite/download/rsuite-4.8.9.tgz: Request failed "404 Not Found"
      at ResponseError.ExtendableBuiltin (/usr/local/lib/node_modules/yarn/lib/cli.js:696:66)
      at new ResponseError (/usr/local/lib/node_modules/yarn/lib/cli.js:802:124)
      at Request.<anonymous> (/usr/local/lib/node_modules/yarn/lib/cli.js:67058:16)
      at Request.emit (events.js:314:20)
      at Request.module.exports.Request.onRequestResponse (/usr/local/lib/node_modules/yarn/lib/cli.js:141539:10)
      at ClientRequest.emit (events.js:314:20)
      at HTTPParser.parserOnIncomingClient (_http_client.js:601:27)
      at HTTPParser.parserOnHeadersComplete (_http_common.js:122:17)
      at Socket.socketOnData (_http_client.js:474:22)
      at Socket.emit (events.js:314:20)

npm manifest: 
  {
    "name": "vite-react-ts",
    "version": "0.0.0",
    "scripts": {
      "dev": "vite",
      "build": "tsc && vite build",
      "serve": "vite preview"
    },
    "dependencies": {
      "react": "^17.0.0",
      "react-dom": "^17.0.0",
      "sass": "^1.32.7",
      "scss": "^0.2.4"
    },
    "devDependencies": {
      "@types/react": "^17.0.0",
      "@types/react-dom": "^17.0.0",
      "@vitejs/plugin-react-refresh": "^1.1.0",
      "typescript": "^4.1.2",
      "vite": "^2.0.0"
    }
  }

yarn manifest: 
  No manifest

Lockfile: 
  # THIS IS AN AUTOGENERATED FILE. DO NOT EDIT THIS FILE DIRECTLY.
  # yarn lockfile v1
  
  
  "@babel/code-frame@^7.12.13":
    version "7.12.13"
    resolved "http://artifactory.intra.xiaojukeji.com:80/artifactory/api/npm/npm/@babel/code-frame/download/@babel/code-frame-7.12.13.tgz"
    integrity sha1-3PyCa+72XnXFDiHTg319lXmN1lg=
    dependencies:
      "@babel/highlight" "^7.12.13"
  
  "@babel/core@^7.12.13":
    version "7.12.16"
    resolved "http://artifactory.intra.xiaojukeji.com:80/artifactory/api/npm/npm/@babel/core/download/@babel/core-7.12.16.tgz"
    integrity sha1-jGukVrI7aApkk93PzZ08OtUcq3w=
    dependencies:
      "@babel/code-frame" "^7.12.13"
      "@babel/generator" "^7.12.15"
      "@babel/helper-module-transforms" "^7.12.13"
      "@babel/helpers" "^7.12.13"
      "@babel/parser" "^7.12.16"
      "@babel/template" "^7.12.13"
      "@babel/traverse" "^7.12.13"
      "@babel/types" "^7.12.13"
      convert-source-map "^1.7.0"
      debug "^4.1.0"
      gensync "^1.0.0-beta.1"
      json5 "^2.1.2"
      lodash "^4.17.19"
      semver "^5.4.1"
      source-map "^0.5.0"
  
  "@babel/generator@^7.12.13", "@babel/generator@^7.12.15":
    version "7.12.15"
    resolved "http://artifactory.intra.xiaojukeji.com:80/artifactory/api/npm/npm/@babel/generator/download/@babel/generator-7.12.15.tgz"
    integrity sha1-Rhe10LJcxXJHTMGq/uHt6vm1No8=
    dependencies:
      "@babel/types" "^7.12.13"
      jsesc "^2.5.1"
      source-map "^0.5.0"
  
  "@babel/helper-function-name@^7.12.13":
    version "7.12.13"
    resolved "http://artifactory.intra.xiaojukeji.com:80/artifactory/api/npm/npm/@babel/helper-function-name/download/@babel/helper-function-name-7.12.13.tgz"
    integrity sha1-k61lbbPDwiMlWf17LD29y+DrN3o=
    dependencies:
      "@babel/helper-get-function-arity" "^7.12.13"
      "@babel/template" "^7.12.13"
      "@babel/types" "^7.12.13"
  
  "@babel/helper-get-function-arity@^7.12.13":
    version "7.12.13"
    resolved "http://artifactory.intra.xiaojukeji.com:80/artifactory/api/npm/npm/@babel/helper-get-function-arity/download/@babel/helper-get-function-arity-7.12.13.tgz"
    integrity sha1-vGNFHUA6OzCCuX4diz/lvUCR5YM=
    dependencies:
      "@babel/types" "^7.12.13"
  
  "@babel/helper-member-expression-to-functions@^7.12.13":
    version "7.12.16"
    resolved "http://artifactory.intra.xiaojukeji.com:80/artifactory/api/npm/npm/@babel/helper-member-expression-to-functions/download/@babel/helper-member-expression-to-functions-7.12.16.tgz"
    integrity sha1-QeCRa5n41fQ9pPBdhfSTD6PWKyI=
    dependencies:
      "@babel/types" "^7.12.13"
  
  "@babel/helper-module-imports@^7.12.13":
    version "7.12.13"
    resolved "http://artifactory.intra.xiaojukeji.com:80/artifactory/api/npm/npm/@babel/helper-module-imports/download/@babel/helper-module-imports-7.12.13.tgz"
    integrity sha1-7GfkQE9BdQRj5FXMMgP2oy6T/LA=
    dependencies:
      "@babel/types" "^7.12.13"
  
  "@babel/helper-module-transforms@^7.12.13":
    version "7.12.13"
    resolved "http://artifactory.intra.xiaojukeji.com:80/artifactory/api/npm/npm/@babel/helper-module-transforms/download/@babel/helper-module-transforms-7.12.13.tgz"
    integrity sha1-Aa+wUtytIEQom3sgvrP6i9AmW+o=
    dependencies:
      "@babel/helper-module-imports" "^7.12.13"
      "@babel/helper-replace-supers" "^7.12.13"
      "@babel/helper-simple-access" "^7.12.13"
      "@babel/helper-split-export-declaration" "^7.12.13"
      "@babel/helper-validator-identifier" "^7.12.11"
      "@babel/template" "^7.12.13"
      "@babel/traverse" "^7.12.13"
      "@babel/types" "^7.12.13"
      lodash "^4.17.19"
  
  "@babel/helper-optimise-call-expression@^7.12.13":
    version "7.12.13"
    resolved "http://artifactory.intra.xiaojukeji.com:80/artifactory/api/npm/npm/@babel/helper-optimise-call-expression/download/@babel/helper-optimise-call-expression-7.12.13.tgz"
    integrity sha1-XALRcbTIYVsecWP4iMHIHDCiquo=
    dependencies:
      "@babel/types" "^7.12.13"
  
  "@babel/helper-plugin-utils@^7.12.13":
    version "7.12.13"
    resolved "http://artifactory.intra.xiaojukeji.com:80/artifactory/api/npm/npm/@babel/helper-plugin-utils/download/@babel/helper-plugin-utils-7.12.13.tgz"
    integrity sha1-F0JU0PJCTYrvtN1IBXURJHsKnus=
  
  "@babel/helper-replace-supers@^7.12.13":
    version "7.12.13"
    resolved "http://artifactory.intra.xiaojukeji.com:80/artifactory/api/npm/npm/@babel/helper-replace-supers/download/@babel/helper-replace-supers-7.12.13.tgz"
    integrity sha1-AOxPtoYlRr09Cv+arFYHQncXMSE=
    dependencies:
      "@babel/helper-member-expression-to-functions" "^7.12.13"
      "@babel/helper-optimise-call-expression" "^7.12.13"
      "@babel/traverse" "^7.12.13"
      "@babel/types" "^7.12.13"
  
  "@babel/helper-simple-access@^7.12.13":
    version "7.12.13"
    resolved "http://artifactory.intra.xiaojukeji.com:80/artifactory/api/npm/npm/@babel/helper-simple-access/download/@babel/helper-simple-access-7.12.13.tgz"
    integrity sha1-hHi8xcrPaqFnKyUcHS3eXM1hpsQ=
    dependencies:
      "@babel/types" "^7.12.13"
  
  "@babel/helper-split-export-declaration@^7.12.13":
    version "7.12.13"
    resolved "http://artifactory.intra.xiaojukeji.com:80/artifactory/api/npm/npm/@babel/helper-split-export-declaration/download/@babel/helper-split-export-declaration-7.12.13.tgz"
    integrity sha1-6UML4AuvPoiw4T5vnU6vITY3KwU=
    dependencies:
      "@babel/types" "^7.12.13"
  
  "@babel/helper-validator-identifier@^7.12.11":
    version "7.12.11"
    resolved "http://artifactory.intra.xiaojukeji.com:80/artifactory/api/npm/npm/@babel/helper-validator-identifier/download/@babel/helper-validator-identifier-7.12.11.tgz"
    integrity sha1-yaHwIZF9y1zPDU5FPjmQIpgfye0=
  
  "@babel/helpers@^7.12.13":
    version "7.12.13"
    resolved "http://artifactory.intra.xiaojukeji.com:80/artifactory/api/npm/npm/@babel/helpers/download/@babel/helpers-7.12.13.tgz"
    integrity sha1-PHXpk2MuTa3AJ06uIZxz63ZFukc=
    dependencies:
      "@babel/template" "^7.12.13"
      "@babel/traverse" "^7.12.13"
      "@babel/types" "^7.12.13"
  
  "@babel/highlight@^7.12.13":
    version "7.12.13"
    resolved "http://artifactory.intra.xiaojukeji.com:80/artifactory/api/npm/npm/@babel/highlight/download/@babel/highlight-7.12.13.tgz"
    integrity sha1-irU4OT4ANwsmJxsB+gj38n8ueVw=
    dependencies:
      "@babel/helper-validator-identifier" "^7.12.11"
      chalk "^2.0.0"
      js-tokens "^4.0.0"
  
  "@babel/parser@^7.12.13", "@babel/parser@^7.12.16":
    version "7.12.16"
    resolved "http://artifactory.intra.xiaojukeji.com:80/artifactory/api/npm/npm/@babel/parser/download/@babel/parser-7.12.16.tgz"
    integrity sha1-zDEldBnSwxidOUCBY1cD9Un8HtQ=
  
  "@babel/plugin-transform-react-jsx-self@^7.12.13":
    version "7.12.13"
    resolved "http://artifactory.intra.xiaojukeji.com:80/artifactory/api/npm/npm/@babel/plugin-transform-react-jsx-self/download/@babel/plugin-transform-react-jsx-self-7.12.13.tgz"
    integrity sha1-Qi2Z0SLVkqyrnDXqIqbP2b8Yn2A=
    dependencies:
      "@babel/helper-plugin-utils" "^7.12.13"
  
  "@babel/plugin-transform-react-jsx-source@^7.12.13":
    version "7.12.13"
    resolved "http://artifactory.intra.xiaojukeji.com:80/artifactory/api/npm/npm/@babel/plugin-transform-react-jsx-source/download/@babel/plugin-transform-react-jsx-source-7.12.13.tgz"
    integrity sha1-BR12EmvuXJpqo7o3vi9sFpiFa8s=
    dependencies:
      "@babel/helper-plugin-utils" "^7.12.13"
  
  "@babel/template@^7.12.13":
    version "7.12.13"
    resolved "http://artifactory.intra.xiaojukeji.com:80/artifactory/api/npm/npm/@babel/template/download/@babel/template-7.12.13.tgz"
    integrity sha1-UwJlvooliduzdSOETFvLVZR/syc=
    dependencies:
      "@babel/code-frame" "^7.12.13"
      "@babel/parser" "^7.12.13"
      "@babel/types" "^7.12.13"
  
  "@babel/traverse@^7.12.13":
    version "7.12.13"
    resolved "http://artifactory.intra.xiaojukeji.com:80/artifactory/api/npm/npm/@babel/traverse/download/@babel/traverse-7.12.13.tgz"
    integrity sha1-aJ8OS0wIWHrSZiKDJjJzX7jE4MA=
    dependencies:
      "@babel/code-frame" "^7.12.13"
      "@babel/generator" "^7.12.13"
      "@babel/helper-function-name" "^7.12.13"
      "@babel/helper-split-export-declaration" "^7.12.13"
      "@babel/parser" "^7.12.13"
      "@babel/types" "^7.12.13"
      debug "^4.1.0"
      globals "^11.1.0"
      lodash "^4.17.19"
  
  "@babel/types@^7.12.13":
    version "7.12.13"
    resolved "http://artifactory.intra.xiaojukeji.com:80/artifactory/api/npm/npm/@babel/types/download/@babel/types-7.12.13.tgz"
    integrity sha1-i+GqjyyHbaEanPZQwOz2VpE61hE=
    dependencies:
      "@babel/helper-validator-identifier" "^7.12.11"
      lodash "^4.17.19"
      to-fast-properties "^2.0.0"
  
  "@types/prop-types@*":
    version "15.7.3"
    resolved "http://artifactory.intra.xiaojukeji.com:80/artifactory/api/npm/npm/@types/prop-types/download/@types/prop-types-15.7.3.tgz"
    integrity sha1-KrDV2i5YFflLC51LldHl8kOrLKc=
  
  "@types/react-dom@^17.0.0":
    version "17.0.1"
    resolved "http://artifactory.intra.xiaojukeji.com:80/artifactory/api/npm/npm/@types/react-dom/download/@types/react-dom-17.0.1.tgz"
    integrity sha1-2S130CC/sIPgfMjgrJ+TNZmk1Wo=
    dependencies:
      "@types/react" "*"
  
  "@types/react@*", "@types/react@^17.0.0":
    version "17.0.2"
    resolved "http://artifactory.intra.xiaojukeji.com:80/artifactory/api/npm/npm/@types/react/download/@types/react-17.0.2.tgz"
    integrity sha1-PeJMTv75At2XlaScdfdgy+T3pag=
    dependencies:
      "@types/prop-types" "*"
      csstype "^3.0.2"
  
  "@vitejs/plugin-react-refresh@^1.1.0":
    version "1.3.1"
    resolved "http://artifactory.intra.xiaojukeji.com:80/artifactory/api/npm/npm/@vitejs/plugin-react-refresh/download/@vitejs/plugin-react-refresh-1.3.1.tgz"
    integrity sha1-39sX6ZJLpX/ElRrIguOWKAUaMPQ=
    dependencies:
      "@babel/core" "^7.12.13"
      "@babel/plugin-transform-react-jsx-self" "^7.12.13"
      "@babel/plugin-transform-react-jsx-source" "^7.12.13"
      react-refresh "^0.9.0"
  
  ansi-styles@^3.2.1:
    version "3.2.1"
    resolved "http://artifactory.intra.xiaojukeji.com:80/artifactory/api/npm/npm/ansi-styles/download/ansi-styles-3.2.1.tgz"
    integrity sha1-QfuyAkPlCxK+DwS43tvwdSDOhB0=
    dependencies:
      color-convert "^1.9.0"
  
  anymatch@~3.1.1:
    version "3.1.1"
    resolved "http://artifactory.intra.xiaojukeji.com:80/artifactory/api/npm/npm/anymatch/download/anymatch-3.1.1.tgz"
    integrity sha1-xV7PAhheJGklk5kxDBc84xIzsUI=
    dependencies:
      normalize-path "^3.0.0"
      picomatch "^2.0.4"
  
  binary-extensions@^2.0.0:
    version "2.2.0"
    resolved "http://artifactory.intra.xiaojukeji.com:80/artifactory/api/npm/npm/binary-extensions/download/binary-extensions-2.2.0.tgz"
    integrity sha1-dfUC7q+f/eQvyYgpZFvk6na9ni0=
  
  braces@~3.0.2:
    version "3.0.2"
    resolved "http://artifactory.intra.xiaojukeji.com:80/artifactory/api/npm/npm/braces/download/braces-3.0.2.tgz"
    integrity sha1-NFThpGLujVmeI23zNs2epPiv4Qc=
    dependencies:
      fill-range "^7.0.1"
  
  chalk@^2.0.0:
    version "2.4.2"
    resolved "http://artifactory.intra.xiaojukeji.com:80/artifactory/api/npm/npm/chalk/download/chalk-2.4.2.tgz"
    integrity sha1-zUJUFnelQzPPVBpJEIwUMrRMlCQ=
    dependencies:
      ansi-styles "^3.2.1"
      escape-string-regexp "^1.0.5"
      supports-color "^5.3.0"
  
  "chokidar@>=2.0.0 <4.0.0":
    version "3.5.1"
    resolved "http://artifactory.intra.xiaojukeji.com:80/artifactory/api/npm/npm/chokidar/download/chokidar-3.5.1.tgz"
    integrity sha1-7pznu+vSt59J8wR5nVRo4x4U5oo=
    dependencies:
      anymatch "~3.1.1"
      braces "~3.0.2"
      glob-parent "~5.1.0"
      is-binary-path "~2.1.0"
      is-glob "~4.0.1"
      normalize-path "~3.0.0"
      readdirp "~3.5.0"
    optionalDependencies:
      fsevents "~2.3.1"
  
  color-convert@^1.9.0:
    version "1.9.3"
    resolved "http://artifactory.intra.xiaojukeji.com:80/artifactory/api/npm/npm/color-convert/download/color-convert-1.9.3.tgz"
    integrity sha1-u3GFBpDh8TZWfeYp0tVHHe2kweg=
    dependencies:
      color-name "1.1.3"
  
  color-name@1.1.3:
    version "1.1.3"
    resolved "http://artifactory.intra.xiaojukeji.com:80/artifactory/api/npm/npm/color-name/download/color-name-1.1.3.tgz"
    integrity sha1-p9BVi9icQveV3UIyj3QIMcpTvCU=
  
  colorette@^1.2.1:
    version "1.2.1"
    resolved "http://artifactory.intra.xiaojukeji.com:80/artifactory/api/npm/npm/colorette/download/colorette-1.2.1.tgz"
    integrity sha1-TQuSEyXBT6+SYzCGpTbbbolWSxs=
  
  convert-source-map@^1.7.0:
    version "1.7.0"
    resolved "http://artifactory.intra.xiaojukeji.com:80/artifactory/api/npm/npm/convert-source-map/download/convert-source-map-1.7.0.tgz"
    integrity sha1-F6LLiC1/d9NJBYXizmxSRCSjpEI=
    dependencies:
      safe-buffer "~5.1.1"
  
  csstype@^3.0.2:
    version "3.0.6"
    resolved "http://artifactory.intra.xiaojukeji.com:80/artifactory/api/npm/npm/csstype/download/csstype-3.0.6.tgz"
    integrity sha1-hl0LWDPX2NQPTluKbXauo95HJe8=
  
  debug@^4.1.0:
    version "4.3.1"
    resolved "http://artifactory.intra.xiaojukeji.com:80/artifactory/api/npm/npm/debug/download/debug-4.3.1.tgz"
    integrity sha1-8NIpxQXgxtjEmsVT0bE9wYP2su4=
    dependencies:
      ms "2.1.2"
  
  esbuild@^0.8.34:
    version "0.8.47"
    resolved "http://artifactory.intra.xiaojukeji.com:80/artifactory/api/npm/npm/esbuild/download/esbuild-0.8.47.tgz"
    integrity sha1-XVxZt9y4og3632WpheXlynsk7/I=
  
  escape-string-regexp@^1.0.5:
    version "1.0.5"
    resolved "http://artifactory.intra.xiaojukeji.com:80/artifactory/api/npm/npm/escape-string-regexp/download/escape-string-regexp-1.0.5.tgz"
    integrity sha1-G2HAViGQqN/2rjuyzwIAyhMLhtQ=
  
  fill-range@^7.0.1:
    version "7.0.1"
    resolved "http://artifactory.intra.xiaojukeji.com:80/artifactory/api/npm/npm/fill-range/download/fill-range-7.0.1.tgz"
    integrity sha1-GRmmp8df44ssfHflGYU12prN2kA=
    dependencies:
      to-regex-range "^5.0.1"
  
  fsevents@~2.3.1:
    version "2.3.2"
    resolved "http://artifactory.intra.xiaojukeji.com:80/artifactory/api/npm/npm/fsevents/download/fsevents-2.3.2.tgz"
    integrity sha1-ilJveLj99GI7cJ4Ll1xSwkwC/Ro=
  
  function-bind@^1.1.1:
    version "1.1.1"
    resolved "http://artifactory.intra.xiaojukeji.com:80/artifactory/api/npm/npm/function-bind/download/function-bind-1.1.1.tgz"
    integrity sha1-pWiZ0+o8m6uHS7l3O3xe3pL0iV0=
  
  gensync@^1.0.0-beta.1:
    version "1.0.0-beta.2"
    resolved "http://artifactory.intra.xiaojukeji.com:80/artifactory/api/npm/npm/gensync/download/gensync-1.0.0-beta.2.tgz"
    integrity sha1-MqbudsPX9S1GsrGuXZP+qFgKJeA=
  
  glob-parent@~5.1.0:
    version "5.1.1"
    resolved "http://artifactory.intra.xiaojukeji.com:80/artifactory/api/npm/npm/glob-parent/download/glob-parent-5.1.1.tgz"
    integrity sha1-tsHvQXxOVmPqSY8cRa+saRa7wik=
    dependencies:
      is-glob "^4.0.1"
  
  globals@^11.1.0:
    version "11.12.0"
    resolved "http://artifactory.intra.xiaojukeji.com:80/artifactory/api/npm/npm/globals/download/globals-11.12.0.tgz"
    integrity sha1-q4eVM4hooLq9hSV1gBjCp+uVxC4=
  
  has-flag@^3.0.0:
    version "3.0.0"
    resolved "http://artifactory.intra.xiaojukeji.com:80/artifactory/api/npm/npm/has-flag/download/has-flag-3.0.0.tgz"
    integrity sha1-tdRU3CGZriJWmfNGfloH87lVuv0=
  
  has@^1.0.3:
    version "1.0.3"
    resolved "http://artifactory.intra.xiaojukeji.com:80/artifactory/api/npm/npm/has/download/has-1.0.3.tgz"
    integrity sha1-ci18v8H2qoJB8W3YFOAR4fQeh5Y=
    dependencies:
      function-bind "^1.1.1"
  
  is-binary-path@~2.1.0:
    version "2.1.0"
    resolved "http://artifactory.intra.xiaojukeji.com:80/artifactory/api/npm/npm/is-binary-path/download/is-binary-path-2.1.0.tgz"
    integrity sha1-6h9/O4DwZCNug0cPhsCcJU+0Wwk=
    dependencies:
      binary-extensions "^2.0.0"
  
  is-core-module@^2.2.0:
    version "2.2.0"
    resolved "http://artifactory.intra.xiaojukeji.com:80/artifactory/api/npm/npm/is-core-module/download/is-core-module-2.2.0.tgz"
    integrity sha1-lwN+89UiJNhRY/VZeytj2a/tmBo=
    dependencies:
      has "^1.0.3"
  
  is-extglob@^2.1.1:
    version "2.1.1"
    resolved "http://artifactory.intra.xiaojukeji.com:80/artifactory/api/npm/npm/is-extglob/download/is-extglob-2.1.1.tgz"
    integrity sha1-qIwCU1eR8C7TfHahueqXc8gz+MI=
  
  is-glob@^4.0.1, is-glob@~4.0.1:
    version "4.0.1"
    resolved "http://artifactory.intra.xiaojukeji.com:80/artifactory/api/npm/npm/is-glob/download/is-glob-4.0.1.tgz"
    integrity sha1-dWfb6fL14kZ7x3q4PEopSCQHpdw=
    dependencies:
      is-extglob "^2.1.1"
  
  is-number@^7.0.0:
    version "7.0.0"
    resolved "http://artifactory.intra.xiaojukeji.com:80/artifactory/api/npm/npm/is-number/download/is-number-7.0.0.tgz"
    integrity sha1-dTU0W4lnNNX4DE0GxQlVUnoU8Ss=
  
  "js-tokens@^3.0.0 || ^4.0.0", js-tokens@^4.0.0:
    version "4.0.0"
    resolved "http://artifactory.intra.xiaojukeji.com:80/artifactory/api/npm/npm/js-tokens/download/js-tokens-4.0.0.tgz"
    integrity sha1-GSA/tZmR35jjoocFDUZHzerzJJk=
  
  jsesc@^2.5.1:
    version "2.5.2"
    resolved "http://artifactory.intra.xiaojukeji.com:80/artifactory/api/npm/npm/jsesc/download/jsesc-2.5.2.tgz"
    integrity sha1-gFZNLkg9rPbo7yCWUKZ98/DCg6Q=
  
  json5@^2.1.2:
    version "2.2.0"
    resolved "http://artifactory.intra.xiaojukeji.com:80/artifactory/api/npm/npm/json5/download/json5-2.2.0.tgz"
    integrity sha1-Lf7+cgxrpSXZ69kJlQ8FFTFsiaM=
    dependencies:
      minimist "^1.2.5"
  
  lodash@^4.17.19:
    version "4.17.20"
    resolved "http://artifactory.intra.xiaojukeji.com:80/artifactory/api/npm/npm/lodash/download/lodash-4.17.20.tgz"
    integrity sha1-tEqbYpe8tpjxxRo1RaKzs2jVnFI=
  
  loose-envify@^1.1.0:
    version "1.4.0"
    resolved "http://artifactory.intra.xiaojukeji.com:80/artifactory/api/npm/npm/loose-envify/download/loose-envify-1.4.0.tgz"
    integrity sha1-ce5R+nvkyuwaY4OffmgtgTLTDK8=
    dependencies:
      js-tokens "^3.0.0 || ^4.0.0"
  
  minimist@^1.2.5:
    version "1.2.5"
    resolved "http://artifactory.intra.xiaojukeji.com:80/artifactory/api/npm/npm/minimist/download/minimist-1.2.5.tgz"
    integrity sha1-Z9ZgFLZqaoqqDAg8X9WN9OTpdgI=
  
  ms@2.1.2:
    version "2.1.2"
    resolved "http://artifactory.intra.xiaojukeji.com:80/artifactory/api/npm/npm/ms/download/ms-2.1.2.tgz"
    integrity sha1-0J0fNXtEP0kzgqjrPM0YOHKuYAk=
  
  nanoid@^3.1.20:
    version "3.1.20"
    resolved "http://artifactory.intra.xiaojukeji.com:80/artifactory/api/npm/npm/nanoid/download/nanoid-3.1.20.tgz"
    integrity sha1-utwmPGsdzxS3HvqoX2q0wdbPx4g=
  
  normalize-path@^3.0.0, normalize-path@~3.0.0:
    version "3.0.0"
    resolved "http://artifactory.intra.xiaojukeji.com:80/artifactory/api/npm/npm/normalize-path/download/normalize-path-3.0.0.tgz"
    integrity sha1-Dc1p/yOhybEf0JeDFmRKA4ghamU=
  
  object-assign@^4.1.1:
    version "4.1.1"
    resolved "http://artifactory.intra.xiaojukeji.com:80/artifactory/api/npm/npm/object-assign/download/object-assign-4.1.1.tgz"
    integrity sha1-IQmtx5ZYh8/AXLvUQsrIv7s2CGM=
  
  ometa@0.2.2:
    version "0.2.2"
    resolved "http://artifactory.intra.xiaojukeji.com:80/artifactory/api/npm/npm/ometa/download/ometa-0.2.2.tgz"
    integrity sha1-9TxHNbptVq9aRrBN+3xDNMWW1E4=
  
  path-parse@^1.0.6:
    version "1.0.6"
    resolved "http://artifactory.intra.xiaojukeji.com:80/artifactory/api/npm/npm/path-parse/download/path-parse-1.0.6.tgz"
    integrity sha1-1i27VnlAXXLEc37FhgDp3c8G0kw=
  
  picomatch@^2.0.4, picomatch@^2.2.1:
    version "2.2.2"
    resolved "http://artifactory.intra.xiaojukeji.com:80/artifactory/api/npm/npm/picomatch/download/picomatch-2.2.2.tgz"
    integrity sha1-IfMz6ba46v8CRo9RRupAbTRfTa0=
  
  postcss@^8.2.1:
    version "8.2.6"
    resolved "http://artifactory.intra.xiaojukeji.com:80/artifactory/api/npm/npm/postcss/download/postcss-8.2.6.tgz"
    integrity sha1-XWmpdFQ7Rfh+RkvEw+OSqX1r6f4=
    dependencies:
      colorette "^1.2.1"
      nanoid "^3.1.20"
      source-map "^0.6.1"
  
  react-dom@^17.0.0:
    version "17.0.1"
    resolved "http://artifactory.intra.xiaojukeji.com:80/artifactory/api/npm/npm/react-dom/download/react-dom-17.0.1.tgz"
    integrity sha1-HeJWBHTsnw4zQoVmLt5S28VCb8Y=
    dependencies:
      loose-envify "^1.1.0"
      object-assign "^4.1.1"
      scheduler "^0.20.1"
  
  react-refresh@^0.9.0:
    version "0.9.0"
    resolved "http://artifactory.intra.xiaojukeji.com:80/artifactory/api/npm/npm/react-refresh/download/react-refresh-0.9.0.tgz"
    integrity sha1-cYYzN63D5cL4pr/d0Srjv+Mqr78=
  
  react@^17.0.0:
    version "17.0.1"
    resolved "http://artifactory.intra.xiaojukeji.com:80/artifactory/api/npm/npm/react/download/react-17.0.1.tgz"
    integrity sha1-bgYAQWvVdXTj+G2S7bo9kAhyYSc=
    dependencies:
      loose-envify "^1.1.0"
      object-assign "^4.1.1"
  
  readdirp@~3.5.0:
    version "3.5.0"
    resolved "http://artifactory.intra.xiaojukeji.com:80/artifactory/api/npm/npm/readdirp/download/readdirp-3.5.0.tgz"
    integrity sha1-m6dMAZsV02UnjS6Ru4xI17TULJ4=
    dependencies:
      picomatch "^2.2.1"
  
  resolve@^1.19.0:
    version "1.20.0"
    resolved "http://artifactory.intra.xiaojukeji.com:80/artifactory/api/npm/npm/resolve/download/resolve-1.20.0.tgz"
    integrity sha1-YpoBP7P3B1XW8LeTXMHCxTeLGXU=
    dependencies:
      is-core-module "^2.2.0"
      path-parse "^1.0.6"
  
  rollup@^2.38.5:
    version "2.39.0"
    resolved "http://artifactory.intra.xiaojukeji.com:80/artifactory/api/npm/npm/rollup/download/rollup-2.39.0.tgz"
    integrity sha1-vk+YyeQheTqP7ILIVPtWfDXiKrY=
    optionalDependencies:
      fsevents "~2.3.1"
  
  safe-buffer@~5.1.1:
    version "5.1.2"
    resolved "http://artifactory.intra.xiaojukeji.com:80/artifactory/api/npm/npm/safe-buffer/download/safe-buffer-5.1.2.tgz"
    integrity sha1-mR7GnSluAxN0fVm9/St0XDX4go0=
  
  sass@^1.32.7:
    version "1.32.7"
    resolved "http://artifactory.intra.xiaojukeji.com:80/artifactory/api/npm/npm/sass/download/sass-1.32.7.tgz"
    integrity sha1-Yyqd8rhdxLNGl3/K8tXm8rcDn9g=
    dependencies:
      chokidar ">=2.0.0 <4.0.0"
  
  scheduler@^0.20.1:
    version "0.20.1"
    resolved "http://artifactory.intra.xiaojukeji.com:80/artifactory/api/npm/npm/scheduler/download/scheduler-0.20.1.tgz"
    integrity sha1-2guQfiQCawEYHsvHXv3H8ntaAAw=
    dependencies:
      loose-envify "^1.1.0"
      object-assign "^4.1.1"
  
  scss@^0.2.4:
    version "0.2.4"
    resolved "http://artifactory.intra.xiaojukeji.com:80/artifactory/api/npm/npm/scss/download/scss-0.2.4.tgz"
    integrity sha1-BA2QPtN8XU+krTOuH9OJrBKk4GU=
    dependencies:
      ometa "0.2.2"
  
  semver@^5.4.1:
    version "5.7.1"
    resolved "http://artifactory.intra.xiaojukeji.com:80/artifactory/api/npm/npm/semver/download/semver-5.7.1.tgz"
    integrity sha1-qVT5Ma66UI0we78Gnv8MAclhFvc=
  
  source-map@^0.5.0:
    version "0.5.7"
    resolved "http://artifactory.intra.xiaojukeji.com:80/artifactory/api/npm/npm/source-map/download/source-map-0.5.7.tgz"
    integrity sha1-igOdLRAh0i0eoUyA2OpGi6LvP8w=
  
  source-map@^0.6.1:
    version "0.6.1"
    resolved "http://artifactory.intra.xiaojukeji.com:80/artifactory/api/npm/npm/source-map/download/source-map-0.6.1.tgz"
    integrity sha1-dHIq8y6WFOnCh6jQu95IteLxomM=
  
  supports-color@^5.3.0:
    version "5.5.0"
    resolved "http://artifactory.intra.xiaojukeji.com:80/artifactory/api/npm/npm/supports-color/download/supports-color-5.5.0.tgz"
    integrity sha1-4uaaRKyHcveKHsCzW2id9lMO/I8=
    dependencies:
      has-flag "^3.0.0"
  
  to-fast-properties@^2.0.0:
    version "2.0.0"
    resolved "http://artifactory.intra.xiaojukeji.com:80/artifactory/api/npm/npm/to-fast-properties/download/to-fast-properties-2.0.0.tgz"
    integrity sha1-3F5pjL0HkmW8c+A3doGk5Og/YW4=
  
  to-regex-range@^5.0.1:
    version "5.0.1"
    resolved "http://artifactory.intra.xiaojukeji.com:80/artifactory/api/npm/npm/to-regex-range/download/to-regex-range-5.0.1.tgz"
    integrity sha1-FkjESq58jZiKMmAY7XL1tN0DkuQ=
    dependencies:
      is-number "^7.0.0"
  
  typescript@^4.1.2:
    version "4.1.5"
    resolved "http://artifactory.intra.xiaojukeji.com:80/artifactory/api/npm/npm/typescript/download/typescript-4.1.5.tgz"
    integrity sha1-Ejo7IUqv874ykm8Njx9ucE64mnI=
  
  vite@^2.0.0:
    version "2.0.1"
    resolved "http://artifactory.intra.xiaojukeji.com:80/artifactory/api/npm/npm/vite/download/vite-2.0.1.tgz"
    integrity sha1-NI/FwN5RCqkL0B7Ph98hDOdBs44=
    dependencies:
      esbuild "^0.8.34"
      postcss "^8.2.1"
      resolve "^1.19.0"
      rollup "^2.38.5"
    optionalDependencies:
      fsevents "~2.3.1"
